  复制了 0 个文件
cl : Command line warning D9030: '/Gm' is incompatible with multiprocessing; ignoring /MP switch
  Face_utils.cpp
c:\users\rosie\desktop\openface\openface\openface-master\lib\local\faceanalyser\src\face_utils.cpp : warning C4819: The file contains a character that cannot be represented in the current code page (936). Save the file in Unicode format to prevent data loss
c:\users\rosie\desktop\openface\openface\openface-master\lib\local\faceanalyser\include\face_utils.h : warning C4819: The file contains a character that cannot be represented in the current code page (936). Save the file in Unicode format to prevent data loss
c:\users\rosie\desktop\openface\openface\openface-master\lib\local\landmarkdetector\include\landmarkcoreincludes.h : warning C4819: The file contains a character that cannot be represented in the current code page (936). Save the file in Unicode format to prevent data loss
c:\users\rosie\desktop\openface\openface\openface-master\lib\3rdparty\opencv3.1\include\opencv2\core\mat.hpp(1965): warning C4819: The file contains a character that cannot be represented in the current code page (936). Save the file in Unicode format to prevent data loss
c:\users\rosie\desktop\openface\openface\openface-master\lib\3rdparty\opencv3.1\include\opencv2\core\persistence.hpp : warning C4819: The file contains a character that cannot be represented in the current code page (936). Save the file in Unicode format to prevent data loss
c:\users\rosie\desktop\openface\openface\openface-master\lib\3rdparty\opencv3.1\include\opencv2\core\utility.hpp : warning C4819: The file contains a character that cannot be represented in the current code page (936). Save the file in Unicode format to prevent data loss
c:\users\rosie\desktop\openface\openface\openface-master\lib\3rdparty\opencv3.1\include\opencv2\core\utility.hpp : warning C4819: The file contains a character that cannot be represented in the current code page (936). Save the file in Unicode format to prevent data loss
c:\users\rosie\desktop\openface\openface\openface-master\lib\local\landmarkdetector\include\patch_experts.h : warning C4819: The file contains a character that cannot be represented in the current code page (936). Save the file in Unicode format to prevent data loss
c:\users\rosie\desktop\openface\openface\openface-master\lib\local\landmarkdetector\include\svr_patch_expert.h : warning C4819: The file contains a character that cannot be represented in the current code page (936). Save the file in Unicode format to prevent data loss
c:\users\rosie\desktop\openface\openface\openface-master\lib\local\landmarkdetector\include\ccnf_patch_expert.h : warning C4819: The file contains a character that cannot be represented in the current code page (936). Save the file in Unicode format to prevent data loss
c:\users\rosie\desktop\openface\openface\openface-master\lib\local\landmarkdetector\include\landmarkdetectionvalidator.h : warning C4819: The file contains a character that cannot be represented in the current code page (936). Save the file in Unicode format to prevent data loss
c:\users\rosie\desktop\openface\openface\openface-master\lib\local\landmarkdetector\include\paw.h : warning C4819: The file contains a character that cannot be represented in the current code page (936). Save the file in Unicode format to prevent data loss
c:\users\rosie\desktop\openface\openface\openface-master\lib\local\landmarkdetector\include\landmarkdetectorfunc.h : warning C4819: The file contains a character that cannot be represented in the current code page (936). Save the file in Unicode format to prevent data loss
d:\program files (x86)\microsoft visual studio 14.0\vc\include\utility(200): warning C4267: 'initializing': conversion from 'size_t' to 'unsigned long', possible loss of data
  c:\users\rosie\desktop\openface\openface\openface-master\lib\3rdparty\dlib\include\dlib\image_processing\shape_predictor.h(710): note: see reference to function template instantiation 'std::pair<unsigned long,unsigned long>::pair<int,unsigned __int64,void,0>(std::pair<int,unsigned __int64> &&) noexcept' being compiled
  c:\users\rosie\desktop\openface\openface\openface-master\lib\3rdparty\dlib\include\dlib\image_processing\shape_predictor.h(710): note: see reference to function template instantiation 'std::pair<unsigned long,unsigned long>::pair<int,unsigned __int64,void,0>(std::pair<int,unsigned __int64> &&) noexcept' being compiled
c:\users\rosie\desktop\openface\openface\openface-master\lib\3rdparty\tbb\include\tbb\enumerable_thread_specific.h(112): warning C4334: '<<': result of 32-bit shift implicitly converted to 64 bits (was 64-bit shift intended?)
  c:\users\rosie\desktop\openface\openface\openface-master\lib\3rdparty\tbb\include\tbb\enumerable_thread_specific.h(111): note: while compiling class template member function 'void tbb::interface6::internal::ets_base<tbb::ets_no_key>::free(tbb::interface6::internal::ets_base<tbb::ets_no_key>::array *)'
  c:\users\rosie\desktop\openface\openface\openface-master\lib\3rdparty\tbb\include\tbb\enumerable_thread_specific.h(218): note: see reference to function template instantiation 'void tbb::interface6::internal::ets_base<tbb::ets_no_key>::free(tbb::interface6::internal::ets_base<tbb::ets_no_key>::array *)' being compiled
  c:\users\rosie\desktop\openface\openface\openface-master\lib\3rdparty\tbb\include\tbb\enumerable_thread_specific.h(245): note: see reference to class template instantiation 'tbb::interface6::internal::ets_base<tbb::ets_no_key>' being compiled
c:\users\rosie\desktop\openface\openface\openface-master\lib\3rdparty\tbb\include\tbb\enumerable_thread_specific.h(105): warning C4334: '<<': result of 32-bit shift implicitly converted to 64 bits (was 64-bit shift intended?)
  c:\users\rosie\desktop\openface\openface\openface-master\lib\3rdparty\tbb\include\tbb\enumerable_thread_specific.h(104): note: while compiling class template member function 'tbb::interface6::internal::ets_base<tbb::ets_no_key>::array *tbb::interface6::internal::ets_base<tbb::ets_no_key>::allocate(std::size_t)'
  c:\users\rosie\desktop\openface\openface\openface-master\lib\3rdparty\tbb\include\tbb\enumerable_thread_specific.h(209): note: see reference to function template instantiation 'tbb::interface6::internal::ets_base<tbb::ets_no_key>::array *tbb::interface6::internal::ets_base<tbb::ets_no_key>::allocate(std::size_t)' being compiled
  FaceAnalyser.cpp
c:\users\rosie\desktop\openface\openface\openface-master\lib\local\faceanalyser\include\faceanalyser.h : warning C4819: The file contains a character that cannot be represented in the current code page (936). Save the file in Unicode format to prevent data loss
c:\users\rosie\desktop\openface\openface\openface-master\lib\local\faceanalyser\include\svr_dynamic_lin_regressors.h : warning C4819: The file contains a character that cannot be represented in the current code page (936). Save the file in Unicode format to prevent data loss
c:\users\rosie\desktop\openface\openface\openface-master\lib\3rdparty\opencv3.1\include\opencv2\core\mat.hpp(1965): warning C4819: The file contains a character that cannot be represented in the current code page (936). Save the file in Unicode format to prevent data loss
c:\users\rosie\desktop\openface\openface\openface-master\lib\3rdparty\opencv3.1\include\opencv2\core\persistence.hpp : warning C4819: The file contains a character that cannot be represented in the current code page (936). Save the file in Unicode format to prevent data loss
c:\users\rosie\desktop\openface\openface\openface-master\lib\3rdparty\opencv3.1\include\opencv2\core\utility.hpp : warning C4819: The file contains a character that cannot be represented in the current code page (936). Save the file in Unicode format to prevent data loss
c:\users\rosie\desktop\openface\openface\openface-master\lib\3rdparty\opencv3.1\include\opencv2\core\utility.hpp : warning C4819: The file contains a character that cannot be represented in the current code page (936). Save the file in Unicode format to prevent data loss
c:\users\rosie\desktop\openface\openface\openface-master\lib\local\faceanalyser\include\svr_static_lin_regressors.h : warning C4819: The file contains a character that cannot be represented in the current code page (936). Save the file in Unicode format to prevent data loss
c:\users\rosie\desktop\openface\openface\openface-master\lib\local\faceanalyser\include\svm_static_lin.h : warning C4819: The file contains a character that cannot be represented in the current code page (936). Save the file in Unicode format to prevent data loss
c:\users\rosie\desktop\openface\openface\openface-master\lib\local\faceanalyser\include\svm_dynamic_lin.h : warning C4819: The file contains a character that cannot be represented in the current code page (936). Save the file in Unicode format to prevent data loss
c:\users\rosie\desktop\openface\openface\openface-master\lib\local\landmarkdetector\include\landmarkcoreincludes.h : warning C4819: The file contains a character that cannot be represented in the current code page (936). Save the file in Unicode format to prevent data loss
c:\users\rosie\desktop\openface\openface\openface-master\lib\local\landmarkdetector\include\patch_experts.h : warning C4819: The file contains a character that cannot be represented in the current code page (936). Save the file in Unicode format to prevent data loss
c:\users\rosie\desktop\openface\openface\openface-master\lib\local\landmarkdetector\include\svr_patch_expert.h : warning C4819: The file contains a character that cannot be represented in the current code page (936). Save the file in Unicode format to prevent data loss
c:\users\rosie\desktop\openface\openface\openface-master\lib\local\landmarkdetector\include\ccnf_patch_expert.h : warning C4819: The file contains a character that cannot be represented in the current code page (936). Save the file in Unicode format to prevent data loss
c:\users\rosie\desktop\openface\openface\openface-master\lib\local\landmarkdetector\include\landmarkdetectionvalidator.h : warning C4819: The file contains a character that cannot be represented in the current code page (936). Save the file in Unicode format to prevent data loss
c:\users\rosie\desktop\openface\openface\openface-master\lib\local\landmarkdetector\include\paw.h : warning C4819: The file contains a character that cannot be represented in the current code page (936). Save the file in Unicode format to prevent data loss
c:\users\rosie\desktop\openface\openface\openface-master\lib\local\landmarkdetector\include\landmarkdetectorfunc.h : warning C4819: The file contains a character that cannot be represented in the current code page (936). Save the file in Unicode format to prevent data loss
c:\users\rosie\desktop\openface\openface\openface-master\lib\local\faceanalyser\include\face_utils.h : warning C4819: The file contains a character that cannot be represented in the current code page (936). Save the file in Unicode format to prevent data loss
d:\program files (x86)\microsoft visual studio 14.0\vc\include\utility(200): warning C4267: 'initializing': conversion from 'size_t' to 'unsigned long', possible loss of data
  c:\users\rosie\desktop\openface\openface\openface-master\lib\3rdparty\dlib\include\dlib\image_processing\shape_predictor.h(710): note: see reference to function template instantiation 'std::pair<unsigned long,unsigned long>::pair<int,unsigned __int64,void,0>(std::pair<int,unsigned __int64> &&) noexcept' being compiled
  c:\users\rosie\desktop\openface\openface\openface-master\lib\3rdparty\dlib\include\dlib\image_processing\shape_predictor.h(710): note: see reference to function template instantiation 'std::pair<unsigned long,unsigned long>::pair<int,unsigned __int64,void,0>(std::pair<int,unsigned __int64> &&) noexcept' being compiled
c:\users\rosie\desktop\openface\openface\openface-master\lib\3rdparty\tbb\include\tbb\enumerable_thread_specific.h(112): warning C4334: '<<': result of 32-bit shift implicitly converted to 64 bits (was 64-bit shift intended?)
  c:\users\rosie\desktop\openface\openface\openface-master\lib\3rdparty\tbb\include\tbb\enumerable_thread_specific.h(111): note: while compiling class template member function 'void tbb::interface6::internal::ets_base<tbb::ets_no_key>::free(tbb::interface6::internal::ets_base<tbb::ets_no_key>::array *)'
  c:\users\rosie\desktop\openface\openface\openface-master\lib\3rdparty\tbb\include\tbb\enumerable_thread_specific.h(218): note: see reference to function template instantiation 'void tbb::interface6::internal::ets_base<tbb::ets_no_key>::free(tbb::interface6::internal::ets_base<tbb::ets_no_key>::array *)' being compiled
  c:\users\rosie\desktop\openface\openface\openface-master\lib\3rdparty\tbb\include\tbb\enumerable_thread_specific.h(245): note: see reference to class template instantiation 'tbb::interface6::internal::ets_base<tbb::ets_no_key>' being compiled
c:\users\rosie\desktop\openface\openface\openface-master\lib\3rdparty\tbb\include\tbb\enumerable_thread_specific.h(105): warning C4334: '<<': result of 32-bit shift implicitly converted to 64 bits (was 64-bit shift intended?)
  c:\users\rosie\desktop\openface\openface\openface-master\lib\3rdparty\tbb\include\tbb\enumerable_thread_specific.h(104): note: while compiling class template member function 'tbb::interface6::internal::ets_base<tbb::ets_no_key>::array *tbb::interface6::internal::ets_base<tbb::ets_no_key>::allocate(std::size_t)'
  c:\users\rosie\desktop\openface\openface\openface-master\lib\3rdparty\tbb\include\tbb\enumerable_thread_specific.h(209): note: see reference to function template instantiation 'tbb::interface6::internal::ets_base<tbb::ets_no_key>::array *tbb::interface6::internal::ets_base<tbb::ets_no_key>::allocate(std::size_t)' being compiled
d:\program files (x86)\microsoft visual studio 14.0\vc\include\xutility(2372): warning C4996: 'std::copy::_Unchecked_iterators::_Deprecate': Call to 'std::copy' with parameters that may be unsafe - this call relies on the caller to check that the passed values are correct. To disable this warning, use -D_SCL_SECURE_NO_WARNINGS. See documentation on how to use Visual C++ 'Checked Iterators'
  d:\program files (x86)\microsoft visual studio 14.0\vc\include\xutility(2372): note: see declaration of 'std::copy::_Unchecked_iterators::_Deprecate'
  c:\users\rosie\desktop\openface\openface\openface-master\lib\3rdparty\boost\boost\algorithm\string\detail\classification.hpp(102): note: see reference to function template instantiation '_OutIt *std::copy<const char*,char*>(_InIt,_InIt,_OutIt)' being compiled
          with
          [
              _OutIt=char *,
              _InIt=const char *
          ]
  c:\users\rosie\desktop\openface\openface\openface-master\lib\3rdparty\boost\boost\algorithm\string\classification.hpp(206): note: see reference to function template instantiation 'boost::algorithm::detail::is_any_ofF<char>::is_any_ofF<boost::iterator_range<const char *>>(const RangeT &)' being compiled
          with
          [
              RangeT=boost::iterator_range<const char *>
          ]
  c:\users\rosie\desktop\openface\openface\openface-master\lib\3rdparty\boost\boost\algorithm\string\classification.hpp(206): note: see reference to function template instantiation 'boost::algorithm::detail::is_any_ofF<char>::is_any_ofF<boost::iterator_range<const char *>>(const RangeT &)' being compiled
          with
          [
              RangeT=boost::iterator_range<const char *>
          ]
  c:\users\rosie\desktop\openface\openface\openface-master\lib\local\faceanalyser\src\faceanalyser.cpp(1178): note: see reference to function template instantiation 'boost::algorithm::detail::is_any_ofF<char> boost::algorithm::is_any_of<char[2]>(const RangeT (&))' being compiled
          with
          [
              RangeT=char [2]
          ]
  SVR_static_lin_regressors.cpp
c:\users\rosie\desktop\openface\openface\openface-master\lib\local\faceanalyser\src\svr_static_lin_regressors.cpp : warning C4819: The file contains a character that cannot be represented in the current code page (936). Save the file in Unicode format to prevent data loss
c:\users\rosie\desktop\openface\openface\openface-master\lib\local\faceanalyser\include\svr_static_lin_regressors.h : warning C4819: The file contains a character that cannot be represented in the current code page (936). Save the file in Unicode format to prevent data loss
c:\users\rosie\desktop\openface\openface\openface-master\lib\3rdparty\opencv3.1\include\opencv2\core\mat.hpp(1965): warning C4819: The file contains a character that cannot be represented in the current code page (936). Save the file in Unicode format to prevent data loss
c:\users\rosie\desktop\openface\openface\openface-master\lib\3rdparty\opencv3.1\include\opencv2\core\persistence.hpp : warning C4819: The file contains a character that cannot be represented in the current code page (936). Save the file in Unicode format to prevent data loss
c:\users\rosie\desktop\openface\openface\openface-master\lib\3rdparty\opencv3.1\include\opencv2\core\utility.hpp : warning C4819: The file contains a character that cannot be represented in the current code page (936). Save the file in Unicode format to prevent data loss
c:\users\rosie\desktop\openface\openface\openface-master\lib\3rdparty\opencv3.1\include\opencv2\core\utility.hpp : warning C4819: The file contains a character that cannot be represented in the current code page (936). Save the file in Unicode format to prevent data loss
c:\users\rosie\desktop\openface\openface\openface-master\lib\local\landmarkdetector\include\landmarkcoreincludes.h : warning C4819: The file contains a character that cannot be represented in the current code page (936). Save the file in Unicode format to prevent data loss
c:\users\rosie\desktop\openface\openface\openface-master\lib\local\landmarkdetector\include\patch_experts.h : warning C4819: The file contains a character that cannot be represented in the current code page (936). Save the file in Unicode format to prevent data loss
c:\users\rosie\desktop\openface\openface\openface-master\lib\local\landmarkdetector\include\svr_patch_expert.h : warning C4819: The file contains a character that cannot be represented in the current code page (936). Save the file in Unicode format to prevent data loss
c:\users\rosie\desktop\openface\openface\openface-master\lib\local\landmarkdetector\include\ccnf_patch_expert.h : warning C4819: The file contains a character that cannot be represented in the current code page (936). Save the file in Unicode format to prevent data loss
c:\users\rosie\desktop\openface\openface\openface-master\lib\local\landmarkdetector\include\landmarkdetectionvalidator.h : warning C4819: The file contains a character that cannot be represented in the current code page (936). Save the file in Unicode format to prevent data loss
c:\users\rosie\desktop\openface\openface\openface-master\lib\local\landmarkdetector\include\paw.h : warning C4819: The file contains a character that cannot be represented in the current code page (936). Save the file in Unicode format to prevent data loss
c:\users\rosie\desktop\openface\openface\openface-master\lib\local\landmarkdetector\include\landmarkdetectorfunc.h : warning C4819: The file contains a character that cannot be represented in the current code page (936). Save the file in Unicode format to prevent data loss
d:\program files (x86)\microsoft visual studio 14.0\vc\include\utility(200): warning C4267: 'initializing': conversion from 'size_t' to 'unsigned long', possible loss of data
  c:\users\rosie\desktop\openface\openface\openface-master\lib\3rdparty\dlib\include\dlib\image_processing\shape_predictor.h(710): note: see reference to function template instantiation 'std::pair<unsigned long,unsigned long>::pair<int,unsigned __int64,void,0>(std::pair<int,unsigned __int64> &&) noexcept' being compiled
  c:\users\rosie\desktop\openface\openface\openface-master\lib\3rdparty\dlib\include\dlib\image_processing\shape_predictor.h(710): note: see reference to function template instantiation 'std::pair<unsigned long,unsigned long>::pair<int,unsigned __int64,void,0>(std::pair<int,unsigned __int64> &&) noexcept' being compiled
c:\users\rosie\desktop\openface\openface\openface-master\lib\3rdparty\tbb\include\tbb\enumerable_thread_specific.h(112): warning C4334: '<<': result of 32-bit shift implicitly converted to 64 bits (was 64-bit shift intended?)
  c:\users\rosie\desktop\openface\openface\openface-master\lib\3rdparty\tbb\include\tbb\enumerable_thread_specific.h(111): note: while compiling class template member function 'void tbb::interface6::internal::ets_base<tbb::ets_no_key>::free(tbb::interface6::internal::ets_base<tbb::ets_no_key>::array *)'
  c:\users\rosie\desktop\openface\openface\openface-master\lib\3rdparty\tbb\include\tbb\enumerable_thread_specific.h(218): note: see reference to function template instantiation 'void tbb::interface6::internal::ets_base<tbb::ets_no_key>::free(tbb::interface6::internal::ets_base<tbb::ets_no_key>::array *)' being compiled
  c:\users\rosie\desktop\openface\openface\openface-master\lib\3rdparty\tbb\include\tbb\enumerable_thread_specific.h(245): note: see reference to class template instantiation 'tbb::interface6::internal::ets_base<tbb::ets_no_key>' being compiled
c:\users\rosie\desktop\openface\openface\openface-master\lib\3rdparty\tbb\include\tbb\enumerable_thread_specific.h(105): warning C4334: '<<': result of 32-bit shift implicitly converted to 64 bits (was 64-bit shift intended?)
  c:\users\rosie\desktop\openface\openface\openface-master\lib\3rdparty\tbb\include\tbb\enumerable_thread_specific.h(104): note: while compiling class template member function 'tbb::interface6::internal::ets_base<tbb::ets_no_key>::array *tbb::interface6::internal::ets_base<tbb::ets_no_key>::allocate(std::size_t)'
  c:\users\rosie\desktop\openface\openface\openface-master\lib\3rdparty\tbb\include\tbb\enumerable_thread_specific.h(209): note: see reference to function template instantiation 'tbb::interface6::internal::ets_base<tbb::ets_no_key>::array *tbb::interface6::internal::ets_base<tbb::ets_no_key>::allocate(std::size_t)' being compiled
  SVR_dynamic_lin_regressors.cpp
c:\users\rosie\desktop\openface\openface\openface-master\lib\local\faceanalyser\src\svr_dynamic_lin_regressors.cpp : warning C4819: The file contains a character that cannot be represented in the current code page (936). Save the file in Unicode format to prevent data loss
c:\users\rosie\desktop\openface\openface\openface-master\lib\local\faceanalyser\include\svr_dynamic_lin_regressors.h : warning C4819: The file contains a character that cannot be represented in the current code page (936). Save the file in Unicode format to prevent data loss
c:\users\rosie\desktop\openface\openface\openface-master\lib\3rdparty\opencv3.1\include\opencv2\core\mat.hpp(1965): warning C4819: The file contains a character that cannot be represented in the current code page (936). Save the file in Unicode format to prevent data loss
c:\users\rosie\desktop\openface\openface\openface-master\lib\3rdparty\opencv3.1\include\opencv2\core\persistence.hpp : warning C4819: The file contains a character that cannot be represented in the current code page (936). Save the file in Unicode format to prevent data loss
c:\users\rosie\desktop\openface\openface\openface-master\lib\3rdparty\opencv3.1\include\opencv2\core\utility.hpp : warning C4819: The file contains a character that cannot be represented in the current code page (936). Save the file in Unicode format to prevent data loss
c:\users\rosie\desktop\openface\openface\openface-master\lib\3rdparty\opencv3.1\include\opencv2\core\utility.hpp : warning C4819: The file contains a character that cannot be represented in the current code page (936). Save the file in Unicode format to prevent data loss
c:\users\rosie\desktop\openface\openface\openface-master\lib\local\landmarkdetector\include\landmarkcoreincludes.h : warning C4819: The file contains a character that cannot be represented in the current code page (936). Save the file in Unicode format to prevent data loss
c:\users\rosie\desktop\openface\openface\openface-master\lib\local\landmarkdetector\include\patch_experts.h : warning C4819: The file contains a character that cannot be represented in the current code page (936). Save the file in Unicode format to prevent data loss
c:\users\rosie\desktop\openface\openface\openface-master\lib\local\landmarkdetector\include\svr_patch_expert.h : warning C4819: The file contains a character that cannot be represented in the current code page (936). Save the file in Unicode format to prevent data loss
c:\users\rosie\desktop\openface\openface\openface-master\lib\local\landmarkdetector\include\ccnf_patch_expert.h : warning C4819: The file contains a character that cannot be represented in the current code page (936). Save the file in Unicode format to prevent data loss
c:\users\rosie\desktop\openface\openface\openface-master\lib\local\landmarkdetector\include\landmarkdetectionvalidator.h : warning C4819: The file contains a character that cannot be represented in the current code page (936). Save the file in Unicode format to prevent data loss
c:\users\rosie\desktop\openface\openface\openface-master\lib\local\landmarkdetector\include\paw.h : warning C4819: The file contains a character that cannot be represented in the current code page (936). Save the file in Unicode format to prevent data loss
c:\users\rosie\desktop\openface\openface\openface-master\lib\local\landmarkdetector\include\landmarkdetectorfunc.h : warning C4819: The file contains a character that cannot be represented in the current code page (936). Save the file in Unicode format to prevent data loss
d:\program files (x86)\microsoft visual studio 14.0\vc\include\utility(200): warning C4267: 'initializing': conversion from 'size_t' to 'unsigned long', possible loss of data
  c:\users\rosie\desktop\openface\openface\openface-master\lib\3rdparty\dlib\include\dlib\image_processing\shape_predictor.h(710): note: see reference to function template instantiation 'std::pair<unsigned long,unsigned long>::pair<int,unsigned __int64,void,0>(std::pair<int,unsigned __int64> &&) noexcept' being compiled
  c:\users\rosie\desktop\openface\openface\openface-master\lib\3rdparty\dlib\include\dlib\image_processing\shape_predictor.h(710): note: see reference to function template instantiation 'std::pair<unsigned long,unsigned long>::pair<int,unsigned __int64,void,0>(std::pair<int,unsigned __int64> &&) noexcept' being compiled
c:\users\rosie\desktop\openface\openface\openface-master\lib\3rdparty\tbb\include\tbb\enumerable_thread_specific.h(112): warning C4334: '<<': result of 32-bit shift implicitly converted to 64 bits (was 64-bit shift intended?)
  c:\users\rosie\desktop\openface\openface\openface-master\lib\3rdparty\tbb\include\tbb\enumerable_thread_specific.h(111): note: while compiling class template member function 'void tbb::interface6::internal::ets_base<tbb::ets_no_key>::free(tbb::interface6::internal::ets_base<tbb::ets_no_key>::array *)'
  c:\users\rosie\desktop\openface\openface\openface-master\lib\3rdparty\tbb\include\tbb\enumerable_thread_specific.h(218): note: see reference to function template instantiation 'void tbb::interface6::internal::ets_base<tbb::ets_no_key>::free(tbb::interface6::internal::ets_base<tbb::ets_no_key>::array *)' being compiled
  c:\users\rosie\desktop\openface\openface\openface-master\lib\3rdparty\tbb\include\tbb\enumerable_thread_specific.h(245): note: see reference to class template instantiation 'tbb::interface6::internal::ets_base<tbb::ets_no_key>' being compiled
c:\users\rosie\desktop\openface\openface\openface-master\lib\3rdparty\tbb\include\tbb\enumerable_thread_specific.h(105): warning C4334: '<<': result of 32-bit shift implicitly converted to 64 bits (was 64-bit shift intended?)
  c:\users\rosie\desktop\openface\openface\openface-master\lib\3rdparty\tbb\include\tbb\enumerable_thread_specific.h(104): note: while compiling class template member function 'tbb::interface6::internal::ets_base<tbb::ets_no_key>::array *tbb::interface6::internal::ets_base<tbb::ets_no_key>::allocate(std::size_t)'
  c:\users\rosie\desktop\openface\openface\openface-master\lib\3rdparty\tbb\include\tbb\enumerable_thread_specific.h(209): note: see reference to function template instantiation 'tbb::interface6::internal::ets_base<tbb::ets_no_key>::array *tbb::interface6::internal::ets_base<tbb::ets_no_key>::allocate(std::size_t)' being compiled
  SVM_static_lin.cpp
c:\users\rosie\desktop\openface\openface\openface-master\lib\local\faceanalyser\src\svm_static_lin.cpp : warning C4819: The file contains a character that cannot be represented in the current code page (936). Save the file in Unicode format to prevent data loss
c:\users\rosie\desktop\openface\openface\openface-master\lib\local\faceanalyser\include\svm_static_lin.h : warning C4819: The file contains a character that cannot be represented in the current code page (936). Save the file in Unicode format to prevent data loss
c:\users\rosie\desktop\openface\openface\openface-master\lib\3rdparty\opencv3.1\include\opencv2\core\mat.hpp(1965): warning C4819: The file contains a character that cannot be represented in the current code page (936). Save the file in Unicode format to prevent data loss
c:\users\rosie\desktop\openface\openface\openface-master\lib\3rdparty\opencv3.1\include\opencv2\core\persistence.hpp : warning C4819: The file contains a character that cannot be represented in the current code page (936). Save the file in Unicode format to prevent data loss
c:\users\rosie\desktop\openface\openface\openface-master\lib\3rdparty\opencv3.1\include\opencv2\core\utility.hpp : warning C4819: The file contains a character that cannot be represented in the current code page (936). Save the file in Unicode format to prevent data loss
c:\users\rosie\desktop\openface\openface\openface-master\lib\3rdparty\opencv3.1\include\opencv2\core\utility.hpp : warning C4819: The file contains a character that cannot be represented in the current code page (936). Save the file in Unicode format to prevent data loss
c:\users\rosie\desktop\openface\openface\openface-master\lib\local\landmarkdetector\include\landmarkcoreincludes.h : warning C4819: The file contains a character that cannot be represented in the current code page (936). Save the file in Unicode format to prevent data loss
c:\users\rosie\desktop\openface\openface\openface-master\lib\local\landmarkdetector\include\patch_experts.h : warning C4819: The file contains a character that cannot be represented in the current code page (936). Save the file in Unicode format to prevent data loss
c:\users\rosie\desktop\openface\openface\openface-master\lib\local\landmarkdetector\include\svr_patch_expert.h : warning C4819: The file contains a character that cannot be represented in the current code page (936). Save the file in Unicode format to prevent data loss
c:\users\rosie\desktop\openface\openface\openface-master\lib\local\landmarkdetector\include\ccnf_patch_expert.h : warning C4819: The file contains a character that cannot be represented in the current code page (936). Save the file in Unicode format to prevent data loss
c:\users\rosie\desktop\openface\openface\openface-master\lib\local\landmarkdetector\include\landmarkdetectionvalidator.h : warning C4819: The file contains a character that cannot be represented in the current code page (936). Save the file in Unicode format to prevent data loss
c:\users\rosie\desktop\openface\openface\openface-master\lib\local\landmarkdetector\include\paw.h : warning C4819: The file contains a character that cannot be represented in the current code page (936). Save the file in Unicode format to prevent data loss
c:\users\rosie\desktop\openface\openface\openface-master\lib\local\landmarkdetector\include\landmarkdetectorfunc.h : warning C4819: The file contains a character that cannot be represented in the current code page (936). Save the file in Unicode format to prevent data loss
d:\program files (x86)\microsoft visual studio 14.0\vc\include\utility(200): warning C4267: 'initializing': conversion from 'size_t' to 'unsigned long', possible loss of data
  c:\users\rosie\desktop\openface\openface\openface-master\lib\3rdparty\dlib\include\dlib\image_processing\shape_predictor.h(710): note: see reference to function template instantiation 'std::pair<unsigned long,unsigned long>::pair<int,unsigned __int64,void,0>(std::pair<int,unsigned __int64> &&) noexcept' being compiled
  c:\users\rosie\desktop\openface\openface\openface-master\lib\3rdparty\dlib\include\dlib\image_processing\shape_predictor.h(710): note: see reference to function template instantiation 'std::pair<unsigned long,unsigned long>::pair<int,unsigned __int64,void,0>(std::pair<int,unsigned __int64> &&) noexcept' being compiled
c:\users\rosie\desktop\openface\openface\openface-master\lib\3rdparty\tbb\include\tbb\enumerable_thread_specific.h(112): warning C4334: '<<': result of 32-bit shift implicitly converted to 64 bits (was 64-bit shift intended?)
  c:\users\rosie\desktop\openface\openface\openface-master\lib\3rdparty\tbb\include\tbb\enumerable_thread_specific.h(111): note: while compiling class template member function 'void tbb::interface6::internal::ets_base<tbb::ets_no_key>::free(tbb::interface6::internal::ets_base<tbb::ets_no_key>::array *)'
  c:\users\rosie\desktop\openface\openface\openface-master\lib\3rdparty\tbb\include\tbb\enumerable_thread_specific.h(218): note: see reference to function template instantiation 'void tbb::interface6::internal::ets_base<tbb::ets_no_key>::free(tbb::interface6::internal::ets_base<tbb::ets_no_key>::array *)' being compiled
  c:\users\rosie\desktop\openface\openface\openface-master\lib\3rdparty\tbb\include\tbb\enumerable_thread_specific.h(245): note: see reference to class template instantiation 'tbb::interface6::internal::ets_base<tbb::ets_no_key>' being compiled
c:\users\rosie\desktop\openface\openface\openface-master\lib\3rdparty\tbb\include\tbb\enumerable_thread_specific.h(105): warning C4334: '<<': result of 32-bit shift implicitly converted to 64 bits (was 64-bit shift intended?)
  c:\users\rosie\desktop\openface\openface\openface-master\lib\3rdparty\tbb\include\tbb\enumerable_thread_specific.h(104): note: while compiling class template member function 'tbb::interface6::internal::ets_base<tbb::ets_no_key>::array *tbb::interface6::internal::ets_base<tbb::ets_no_key>::allocate(std::size_t)'
  c:\users\rosie\desktop\openface\openface\openface-master\lib\3rdparty\tbb\include\tbb\enumerable_thread_specific.h(209): note: see reference to function template instantiation 'tbb::interface6::internal::ets_base<tbb::ets_no_key>::array *tbb::interface6::internal::ets_base<tbb::ets_no_key>::allocate(std::size_t)' being compiled
  SVM_dynamic_lin.cpp
c:\users\rosie\desktop\openface\openface\openface-master\lib\local\faceanalyser\src\svm_dynamic_lin.cpp : warning C4819: The file contains a character that cannot be represented in the current code page (936). Save the file in Unicode format to prevent data loss
c:\users\rosie\desktop\openface\openface\openface-master\lib\local\faceanalyser\include\svm_dynamic_lin.h : warning C4819: The file contains a character that cannot be represented in the current code page (936). Save the file in Unicode format to prevent data loss
c:\users\rosie\desktop\openface\openface\openface-master\lib\3rdparty\opencv3.1\include\opencv2\core\mat.hpp(1965): warning C4819: The file contains a character that cannot be represented in the current code page (936). Save the file in Unicode format to prevent data loss
c:\users\rosie\desktop\openface\openface\openface-master\lib\3rdparty\opencv3.1\include\opencv2\core\persistence.hpp : warning C4819: The file contains a character that cannot be represented in the current code page (936). Save the file in Unicode format to prevent data loss
c:\users\rosie\desktop\openface\openface\openface-master\lib\3rdparty\opencv3.1\include\opencv2\core\utility.hpp : warning C4819: The file contains a character that cannot be represented in the current code page (936). Save the file in Unicode format to prevent data loss
c:\users\rosie\desktop\openface\openface\openface-master\lib\3rdparty\opencv3.1\include\opencv2\core\utility.hpp : warning C4819: The file contains a character that cannot be represented in the current code page (936). Save the file in Unicode format to prevent data loss
c:\users\rosie\desktop\openface\openface\openface-master\lib\local\landmarkdetector\include\landmarkcoreincludes.h : warning C4819: The file contains a character that cannot be represented in the current code page (936). Save the file in Unicode format to prevent data loss
c:\users\rosie\desktop\openface\openface\openface-master\lib\local\landmarkdetector\include\patch_experts.h : warning C4819: The file contains a character that cannot be represented in the current code page (936). Save the file in Unicode format to prevent data loss
c:\users\rosie\desktop\openface\openface\openface-master\lib\local\landmarkdetector\include\svr_patch_expert.h : warning C4819: The file contains a character that cannot be represented in the current code page (936). Save the file in Unicode format to prevent data loss
c:\users\rosie\desktop\openface\openface\openface-master\lib\local\landmarkdetector\include\ccnf_patch_expert.h : warning C4819: The file contains a character that cannot be represented in the current code page (936). Save the file in Unicode format to prevent data loss
c:\users\rosie\desktop\openface\openface\openface-master\lib\local\landmarkdetector\include\landmarkdetectionvalidator.h : warning C4819: The file contains a character that cannot be represented in the current code page (936). Save the file in Unicode format to prevent data loss
c:\users\rosie\desktop\openface\openface\openface-master\lib\local\landmarkdetector\include\paw.h : warning C4819: The file contains a character that cannot be represented in the current code page (936). Save the file in Unicode format to prevent data loss
c:\users\rosie\desktop\openface\openface\openface-master\lib\local\landmarkdetector\include\landmarkdetectorfunc.h : warning C4819: The file contains a character that cannot be represented in the current code page (936). Save the file in Unicode format to prevent data loss
d:\program files (x86)\microsoft visual studio 14.0\vc\include\utility(200): warning C4267: 'initializing': conversion from 'size_t' to 'unsigned long', possible loss of data
  c:\users\rosie\desktop\openface\openface\openface-master\lib\3rdparty\dlib\include\dlib\image_processing\shape_predictor.h(710): note: see reference to function template instantiation 'std::pair<unsigned long,unsigned long>::pair<int,unsigned __int64,void,0>(std::pair<int,unsigned __int64> &&) noexcept' being compiled
  c:\users\rosie\desktop\openface\openface\openface-master\lib\3rdparty\dlib\include\dlib\image_processing\shape_predictor.h(710): note: see reference to function template instantiation 'std::pair<unsigned long,unsigned long>::pair<int,unsigned __int64,void,0>(std::pair<int,unsigned __int64> &&) noexcept' being compiled
c:\users\rosie\desktop\openface\openface\openface-master\lib\3rdparty\tbb\include\tbb\enumerable_thread_specific.h(112): warning C4334: '<<': result of 32-bit shift implicitly converted to 64 bits (was 64-bit shift intended?)
  c:\users\rosie\desktop\openface\openface\openface-master\lib\3rdparty\tbb\include\tbb\enumerable_thread_specific.h(111): note: while compiling class template member function 'void tbb::interface6::internal::ets_base<tbb::ets_no_key>::free(tbb::interface6::internal::ets_base<tbb::ets_no_key>::array *)'
  c:\users\rosie\desktop\openface\openface\openface-master\lib\3rdparty\tbb\include\tbb\enumerable_thread_specific.h(218): note: see reference to function template instantiation 'void tbb::interface6::internal::ets_base<tbb::ets_no_key>::free(tbb::interface6::internal::ets_base<tbb::ets_no_key>::array *)' being compiled
  c:\users\rosie\desktop\openface\openface\openface-master\lib\3rdparty\tbb\include\tbb\enumerable_thread_specific.h(245): note: see reference to class template instantiation 'tbb::interface6::internal::ets_base<tbb::ets_no_key>' being compiled
c:\users\rosie\desktop\openface\openface\openface-master\lib\3rdparty\tbb\include\tbb\enumerable_thread_specific.h(105): warning C4334: '<<': result of 32-bit shift implicitly converted to 64 bits (was 64-bit shift intended?)
  c:\users\rosie\desktop\openface\openface\openface-master\lib\3rdparty\tbb\include\tbb\enumerable_thread_specific.h(104): note: while compiling class template member function 'tbb::interface6::internal::ets_base<tbb::ets_no_key>::array *tbb::interface6::internal::ets_base<tbb::ets_no_key>::allocate(std::size_t)'
  c:\users\rosie\desktop\openface\openface\openface-master\lib\3rdparty\tbb\include\tbb\enumerable_thread_specific.h(209): note: see reference to function template instantiation 'tbb::interface6::internal::ets_base<tbb::ets_no_key>::array *tbb::interface6::internal::ets_base<tbb::ets_no_key>::allocate(std::size_t)' being compiled
  GazeEstimation.cpp
c:\users\rosie\desktop\openface\openface\openface-master\lib\3rdparty\opencv3.1\include\opencv2\core\mat.hpp(1965): warning C4819: The file contains a character that cannot be represented in the current code page (936). Save the file in Unicode format to prevent data loss
c:\users\rosie\desktop\openface\openface\openface-master\lib\3rdparty\opencv3.1\include\opencv2\core\persistence.hpp : warning C4819: The file contains a character that cannot be represented in the current code page (936). Save the file in Unicode format to prevent data loss
c:\users\rosie\desktop\openface\openface\openface-master\lib\3rdparty\opencv3.1\include\opencv2\core\utility.hpp : warning C4819: The file contains a character that cannot be represented in the current code page (936). Save the file in Unicode format to prevent data loss
c:\users\rosie\desktop\openface\openface\openface-master\lib\3rdparty\opencv3.1\include\opencv2\core\utility.hpp : warning C4819: The file contains a character that cannot be represented in the current code page (936). Save the file in Unicode format to prevent data loss
c:\users\rosie\desktop\openface\openface\openface-master\lib\local\faceanalyser\include\gazeestimation.h : warning C4819: The file contains a character that cannot be represented in the current code page (936). Save the file in Unicode format to prevent data loss
c:\users\rosie\desktop\openface\openface\openface-master\lib\local\landmarkdetector\include\landmarkcoreincludes.h : warning C4819: The file contains a character that cannot be represented in the current code page (936). Save the file in Unicode format to prevent data loss
c:\users\rosie\desktop\openface\openface\openface-master\lib\local\landmarkdetector\include\patch_experts.h : warning C4819: The file contains a character that cannot be represented in the current code page (936). Save the file in Unicode format to prevent data loss
c:\users\rosie\desktop\openface\openface\openface-master\lib\local\landmarkdetector\include\svr_patch_expert.h : warning C4819: The file contains a character that cannot be represented in the current code page (936). Save the file in Unicode format to prevent data loss
c:\users\rosie\desktop\openface\openface\openface-master\lib\local\landmarkdetector\include\ccnf_patch_expert.h : warning C4819: The file contains a character that cannot be represented in the current code page (936). Save the file in Unicode format to prevent data loss
c:\users\rosie\desktop\openface\openface\openface-master\lib\local\landmarkdetector\include\landmarkdetectionvalidator.h : warning C4819: The file contains a character that cannot be represented in the current code page (936). Save the file in Unicode format to prevent data loss
c:\users\rosie\desktop\openface\openface\openface-master\lib\local\landmarkdetector\include\paw.h : warning C4819: The file contains a character that cannot be represented in the current code page (936). Save the file in Unicode format to prevent data loss
c:\users\rosie\desktop\openface\openface\openface-master\lib\local\landmarkdetector\include\landmarkdetectorfunc.h : warning C4819: The file contains a character that cannot be represented in the current code page (936). Save the file in Unicode format to prevent data loss
d:\program files (x86)\microsoft visual studio 14.0\vc\include\utility(200): warning C4267: 'initializing': conversion from 'size_t' to 'unsigned long', possible loss of data
  c:\users\rosie\desktop\openface\openface\openface-master\lib\3rdparty\dlib\include\dlib\image_processing\shape_predictor.h(710): note: see reference to function template instantiation 'std::pair<unsigned long,unsigned long>::pair<int,unsigned __int64,void,0>(std::pair<int,unsigned __int64> &&) noexcept' being compiled
  c:\users\rosie\desktop\openface\openface\openface-master\lib\3rdparty\dlib\include\dlib\image_processing\shape_predictor.h(710): note: see reference to function template instantiation 'std::pair<unsigned long,unsigned long>::pair<int,unsigned __int64,void,0>(std::pair<int,unsigned __int64> &&) noexcept' being compiled
c:\users\rosie\desktop\openface\openface\openface-master\lib\3rdparty\tbb\include\tbb\enumerable_thread_specific.h(112): warning C4334: '<<': result of 32-bit shift implicitly converted to 64 bits (was 64-bit shift intended?)
  c:\users\rosie\desktop\openface\openface\openface-master\lib\3rdparty\tbb\include\tbb\enumerable_thread_specific.h(111): note: while compiling class template member function 'void tbb::interface6::internal::ets_base<tbb::ets_no_key>::free(tbb::interface6::internal::ets_base<tbb::ets_no_key>::array *)'
  c:\users\rosie\desktop\openface\openface\openface-master\lib\3rdparty\tbb\include\tbb\enumerable_thread_specific.h(218): note: see reference to function template instantiation 'void tbb::interface6::internal::ets_base<tbb::ets_no_key>::free(tbb::interface6::internal::ets_base<tbb::ets_no_key>::array *)' being compiled
  c:\users\rosie\desktop\openface\openface\openface-master\lib\3rdparty\tbb\include\tbb\enumerable_thread_specific.h(245): note: see reference to class template instantiation 'tbb::interface6::internal::ets_base<tbb::ets_no_key>' being compiled
c:\users\rosie\desktop\openface\openface\openface-master\lib\3rdparty\tbb\include\tbb\enumerable_thread_specific.h(105): warning C4334: '<<': result of 32-bit shift implicitly converted to 64 bits (was 64-bit shift intended?)
  c:\users\rosie\desktop\openface\openface\openface-master\lib\3rdparty\tbb\include\tbb\enumerable_thread_specific.h(104): note: while compiling class template member function 'tbb::interface6::internal::ets_base<tbb::ets_no_key>::array *tbb::interface6::internal::ets_base<tbb::ets_no_key>::allocate(std::size_t)'
  c:\users\rosie\desktop\openface\openface\openface-master\lib\3rdparty\tbb\include\tbb\enumerable_thread_specific.h(209): note: see reference to function template instantiation 'tbb::interface6::internal::ets_base<tbb::ets_no_key>::array *tbb::interface6::internal::ets_base<tbb::ets_no_key>::allocate(std::size_t)' being compiled
  Generating Code...
  C:\Users\Rosie\Desktop\OpenFace\OpenFace\OpenFace-master\lib\local\FaceAnalyser\AU_predictors\AU_all_best.txt
  C:\Users\Rosie\Desktop\OpenFace\OpenFace\OpenFace-master\lib\local\FaceAnalyser\AU_predictors\AU_all_static.txt
  C:\Users\Rosie\Desktop\OpenFace\OpenFace\OpenFace-master\lib\local\FaceAnalyser\AU_predictors\svm_combined\AU_10_dynamic.dat
  C:\Users\Rosie\Desktop\OpenFace\OpenFace\OpenFace-master\lib\local\FaceAnalyser\AU_predictors\svm_combined\AU_10_static.dat
  C:\Users\Rosie\Desktop\OpenFace\OpenFace\OpenFace-master\lib\local\FaceAnalyser\AU_predictors\svm_combined\AU_12_dynamic.dat
  C:\Users\Rosie\Desktop\OpenFace\OpenFace\OpenFace-master\lib\local\FaceAnalyser\AU_predictors\svm_combined\AU_12_static.dat
  C:\Users\Rosie\Desktop\OpenFace\OpenFace\OpenFace-master\lib\local\FaceAnalyser\AU_predictors\svm_combined\AU_14_dynamic.dat
  C:\Users\Rosie\Desktop\OpenFace\OpenFace\OpenFace-master\lib\local\FaceAnalyser\AU_predictors\svm_combined\AU_14_static.dat
  C:\Users\Rosie\Desktop\OpenFace\OpenFace\OpenFace-master\lib\local\FaceAnalyser\AU_predictors\svm_combined\AU_15_dynamic.dat
  C:\Users\Rosie\Desktop\OpenFace\OpenFace\OpenFace-master\lib\local\FaceAnalyser\AU_predictors\svm_combined\AU_15_static.dat
  C:\Users\Rosie\Desktop\OpenFace\OpenFace\OpenFace-master\lib\local\FaceAnalyser\AU_predictors\svm_combined\AU_17_dynamic.dat
  C:\Users\Rosie\Desktop\OpenFace\OpenFace\OpenFace-master\lib\local\FaceAnalyser\AU_predictors\svm_combined\AU_17_static.dat
  C:\Users\Rosie\Desktop\OpenFace\OpenFace\OpenFace-master\lib\local\FaceAnalyser\AU_predictors\svm_combined\AU_1_dynamic.dat
  C:\Users\Rosie\Desktop\OpenFace\OpenFace\OpenFace-master\lib\local\FaceAnalyser\AU_predictors\svm_combined\AU_1_static.dat
  C:\Users\Rosie\Desktop\OpenFace\OpenFace\OpenFace-master\lib\local\FaceAnalyser\AU_predictors\svm_combined\AU_20_dynamic.dat
  C:\Users\Rosie\Desktop\OpenFace\OpenFace\OpenFace-master\lib\local\FaceAnalyser\AU_predictors\svm_combined\AU_20_static.dat
  C:\Users\Rosie\Desktop\OpenFace\OpenFace\OpenFace-master\lib\local\FaceAnalyser\AU_predictors\svm_combined\AU_23_dynamic.dat
  C:\Users\Rosie\Desktop\OpenFace\OpenFace\OpenFace-master\lib\local\FaceAnalyser\AU_predictors\svm_combined\AU_23_static.dat
  C:\Users\Rosie\Desktop\OpenFace\OpenFace\OpenFace-master\lib\local\FaceAnalyser\AU_predictors\svm_combined\AU_25_dynamic.dat
  C:\Users\Rosie\Desktop\OpenFace\OpenFace\OpenFace-master\lib\local\FaceAnalyser\AU_predictors\svm_combined\AU_25_static.dat
  C:\Users\Rosie\Desktop\OpenFace\OpenFace\OpenFace-master\lib\local\FaceAnalyser\AU_predictors\svm_combined\AU_26_dynamic.dat
  C:\Users\Rosie\Desktop\OpenFace\OpenFace\OpenFace-master\lib\local\FaceAnalyser\AU_predictors\svm_combined\AU_26_static.dat
  C:\Users\Rosie\Desktop\OpenFace\OpenFace\OpenFace-master\lib\local\FaceAnalyser\AU_predictors\svm_combined\AU_28_dynamic.dat
  C:\Users\Rosie\Desktop\OpenFace\OpenFace\OpenFace-master\lib\local\FaceAnalyser\AU_predictors\svm_combined\AU_28_static.dat
  C:\Users\Rosie\Desktop\OpenFace\OpenFace\OpenFace-master\lib\local\FaceAnalyser\AU_predictors\svm_combined\AU_2_dynamic.dat
  C:\Users\Rosie\Desktop\OpenFace\OpenFace\OpenFace-master\lib\local\FaceAnalyser\AU_predictors\svm_combined\AU_2_static.dat
  C:\Users\Rosie\Desktop\OpenFace\OpenFace\OpenFace-master\lib\local\FaceAnalyser\AU_predictors\svm_combined\AU_45_dynamic.dat
  C:\Users\Rosie\Desktop\OpenFace\OpenFace\OpenFace-master\lib\local\FaceAnalyser\AU_predictors\svm_combined\AU_45_static.dat
  C:\Users\Rosie\Desktop\OpenFace\OpenFace\OpenFace-master\lib\local\FaceAnalyser\AU_predictors\svm_combined\AU_4_dynamic.dat
  C:\Users\Rosie\Desktop\OpenFace\OpenFace\OpenFace-master\lib\local\FaceAnalyser\AU_predictors\svm_combined\AU_4_static.dat
  C:\Users\Rosie\Desktop\OpenFace\OpenFace\OpenFace-master\lib\local\FaceAnalyser\AU_predictors\svm_combined\AU_5_dynamic.dat
  C:\Users\Rosie\Desktop\OpenFace\OpenFace\OpenFace-master\lib\local\FaceAnalyser\AU_predictors\svm_combined\AU_5_static.dat
  C:\Users\Rosie\Desktop\OpenFace\OpenFace\OpenFace-master\lib\local\FaceAnalyser\AU_predictors\svm_combined\AU_6_dynamic.dat
  C:\Users\Rosie\Desktop\OpenFace\OpenFace\OpenFace-master\lib\local\FaceAnalyser\AU_predictors\svm_combined\AU_6_static.dat
  C:\Users\Rosie\Desktop\OpenFace\OpenFace\OpenFace-master\lib\local\FaceAnalyser\AU_predictors\svm_combined\AU_7_dynamic.dat
  C:\Users\Rosie\Desktop\OpenFace\OpenFace\OpenFace-master\lib\local\FaceAnalyser\AU_predictors\svm_combined\AU_7_static.dat
  C:\Users\Rosie\Desktop\OpenFace\OpenFace\OpenFace-master\lib\local\FaceAnalyser\AU_predictors\svm_combined\AU_9_dynamic.dat
  C:\Users\Rosie\Desktop\OpenFace\OpenFace\OpenFace-master\lib\local\FaceAnalyser\AU_predictors\svm_combined\AU_9_static.dat
  C:\Users\Rosie\Desktop\OpenFace\OpenFace\OpenFace-master\lib\local\FaceAnalyser\AU_predictors\svr_combined\AU_10_static_intensity_comb.dat
  C:\Users\Rosie\Desktop\OpenFace\OpenFace\OpenFace-master\lib\local\FaceAnalyser\AU_predictors\svr_combined\AU_12_static_intensity_comb.dat
  C:\Users\Rosie\Desktop\OpenFace\OpenFace\OpenFace-master\lib\local\FaceAnalyser\AU_predictors\svr_combined\AU_14_static_intensity.dat
  C:\Users\Rosie\Desktop\OpenFace\OpenFace\OpenFace-master\lib\local\FaceAnalyser\AU_predictors\svr_combined\AU_15_dynamic_intensity_comb.dat
  C:\Users\Rosie\Desktop\OpenFace\OpenFace\OpenFace-master\lib\local\FaceAnalyser\AU_predictors\svr_combined\AU_15_static_intensity_comb.dat
  C:\Users\Rosie\Desktop\OpenFace\OpenFace\OpenFace-master\lib\local\FaceAnalyser\AU_predictors\svr_combined\AU_17_dynamic_intensity_comb.dat
  C:\Users\Rosie\Desktop\OpenFace\OpenFace\OpenFace-master\lib\local\FaceAnalyser\AU_predictors\svr_combined\AU_17_static_intensity_comb.dat
  C:\Users\Rosie\Desktop\OpenFace\OpenFace\OpenFace-master\lib\local\FaceAnalyser\AU_predictors\svr_combined\AU_1_dynamic_intensity_comb.dat
  C:\Users\Rosie\Desktop\OpenFace\OpenFace\OpenFace-master\lib\local\FaceAnalyser\AU_predictors\svr_combined\AU_1_static_intensity.dat
  C:\Users\Rosie\Desktop\OpenFace\OpenFace\OpenFace-master\lib\local\FaceAnalyser\AU_predictors\svr_combined\AU_20_dynamic_intensity.dat
  C:\Users\Rosie\Desktop\OpenFace\OpenFace\OpenFace-master\lib\local\FaceAnalyser\AU_predictors\svr_combined\AU_20_static_intensity.dat
  C:\Users\Rosie\Desktop\OpenFace\OpenFace\OpenFace-master\lib\local\FaceAnalyser\AU_predictors\svr_combined\AU_23_dynamic_intensity_comb.dat
  C:\Users\Rosie\Desktop\OpenFace\OpenFace\OpenFace-master\lib\local\FaceAnalyser\AU_predictors\svr_combined\AU_23_static_intensity_comb.dat
  C:\Users\Rosie\Desktop\OpenFace\OpenFace\OpenFace-master\lib\local\FaceAnalyser\AU_predictors\svr_combined\AU_25_dynamic_intensity_comb.dat
  C:\Users\Rosie\Desktop\OpenFace\OpenFace\OpenFace-master\lib\local\FaceAnalyser\AU_predictors\svr_combined\AU_25_static_intensity.dat
  C:\Users\Rosie\Desktop\OpenFace\OpenFace\OpenFace-master\lib\local\FaceAnalyser\AU_predictors\svr_combined\AU_26_dynamic_intensity_comb.dat
  C:\Users\Rosie\Desktop\OpenFace\OpenFace\OpenFace-master\lib\local\FaceAnalyser\AU_predictors\svr_combined\AU_26_static_intensity_comb.dat
  C:\Users\Rosie\Desktop\OpenFace\OpenFace\OpenFace-master\lib\local\FaceAnalyser\AU_predictors\svr_combined\AU_2_dynamic_intensity_comb.dat
  C:\Users\Rosie\Desktop\OpenFace\OpenFace\OpenFace-master\lib\local\FaceAnalyser\AU_predictors\svr_combined\AU_2_static_intensity_comb.dat
  C:\Users\Rosie\Desktop\OpenFace\OpenFace\OpenFace-master\lib\local\FaceAnalyser\AU_predictors\svr_combined\AU_45_dynamic_intensity_comb.dat
  C:\Users\Rosie\Desktop\OpenFace\OpenFace\OpenFace-master\lib\local\FaceAnalyser\AU_predictors\svr_combined\AU_45_static_intensity_comb.dat
  C:\Users\Rosie\Desktop\OpenFace\OpenFace\OpenFace-master\lib\local\FaceAnalyser\AU_predictors\svr_combined\AU_4_static_intensity_comb.dat
  C:\Users\Rosie\Desktop\OpenFace\OpenFace\OpenFace-master\lib\local\FaceAnalyser\AU_predictors\svr_combined\AU_5_dynamic_intensity.dat
  C:\Users\Rosie\Desktop\OpenFace\OpenFace\OpenFace-master\lib\local\FaceAnalyser\AU_predictors\svr_combined\AU_5_static_intensity.dat
  C:\Users\Rosie\Desktop\OpenFace\OpenFace\OpenFace-master\lib\local\FaceAnalyser\AU_predictors\svr_combined\AU_6_static_intensity_comb.dat
  C:\Users\Rosie\Desktop\OpenFace\OpenFace\OpenFace-master\lib\local\FaceAnalyser\AU_predictors\svr_combined\AU_7_static_intensity_comb.dat
  C:\Users\Rosie\Desktop\OpenFace\OpenFace\OpenFace-master\lib\local\FaceAnalyser\AU_predictors\svr_combined\AU_9_dynamic_intensity.dat
  C:\Users\Rosie\Desktop\OpenFace\OpenFace\OpenFace-master\lib\local\FaceAnalyser\AU_predictors\svr_combined\AU_9_static_intensity.dat
  复制了 66 个文件
  FaceAnalyser.vcxproj -> C:\Users\Rosie\Desktop\OpenFace\OpenFace\OpenFace-master\x64\Debug\FaceAnalyser.lib
  复制了 0 个文件
