  复制了 0 个文件
  LandmarkDetectorUtils.cpp
c:\users\rosie\desktop\openface\openface\openface-master\lib\local\landmarkdetector\include\Patch_experts.h : warning C4819: The file contains a character that cannot be represented in the current code page (936). Save the file in Unicode format to prevent data loss
c:\users\rosie\desktop\openface\openface\openface-master\lib\local\landmarkdetector\include\SVR_patch_expert.h : warning C4819: The file contains a character that cannot be represented in the current code page (936). Save the file in Unicode format to prevent data loss
c:\users\rosie\desktop\openface\openface\openface-master\lib\local\landmarkdetector\include\CCNF_patch_expert.h : warning C4819: The file contains a character that cannot be represented in the current code page (936). Save the file in Unicode format to prevent data loss
c:\users\rosie\desktop\openface\openface\openface-master\lib\local\landmarkdetector\include\LandmarkDetectionValidator.h : warning C4819: The file contains a character that cannot be represented in the current code page (936). Save the file in Unicode format to prevent data loss
c:\users\rosie\desktop\openface\openface\openface-master\lib\local\landmarkdetector\include\PAW.h : warning C4819: The file contains a character that cannot be represented in the current code page (936). Save the file in Unicode format to prevent data loss
D:\Program Files (x86)\Microsoft Visual Studio 14.0\VC\include\utility(200): warning C4267: 'initializing': conversion from 'size_t' to 'unsigned long', possible loss of data
  c:\users\rosie\desktop\openface\openface\openface-master\lib\3rdparty\dlib\include\dlib\image_processing/shape_predictor.h(710): note: see reference to function template instantiation 'std::pair<unsigned long,unsigned long>::pair<int,unsigned __int64,void,0>(std::pair<int,unsigned __int64> &&) noexcept' being compiled
  c:\users\rosie\desktop\openface\openface\openface-master\lib\3rdparty\dlib\include\dlib\image_processing/shape_predictor.h(710): note: see reference to function template instantiation 'std::pair<unsigned long,unsigned long>::pair<int,unsigned __int64,void,0>(std::pair<int,unsigned __int64> &&) noexcept' being compiled
c:\users\rosie\desktop\openface\openface\openface-master\lib\3rdparty\tbb\include\tbb\enumerable_thread_specific.h(112): warning C4334: '<<': result of 32-bit shift implicitly converted to 64 bits (was 64-bit shift intended?)
  c:\users\rosie\desktop\openface\openface\openface-master\lib\3rdparty\tbb\include\tbb\enumerable_thread_specific.h(111): note: while compiling class template member function 'void tbb::interface6::internal::ets_base<tbb::ets_no_key>::free(tbb::interface6::internal::ets_base<tbb::ets_no_key>::array *)'
  c:\users\rosie\desktop\openface\openface\openface-master\lib\3rdparty\tbb\include\tbb\enumerable_thread_specific.h(218): note: see reference to function template instantiation 'void tbb::interface6::internal::ets_base<tbb::ets_no_key>::free(tbb::interface6::internal::ets_base<tbb::ets_no_key>::array *)' being compiled
  c:\users\rosie\desktop\openface\openface\openface-master\lib\3rdparty\tbb\include\tbb\enumerable_thread_specific.h(245): note: see reference to class template instantiation 'tbb::interface6::internal::ets_base<tbb::ets_no_key>' being compiled
c:\users\rosie\desktop\openface\openface\openface-master\lib\3rdparty\tbb\include\tbb\enumerable_thread_specific.h(105): warning C4334: '<<': result of 32-bit shift implicitly converted to 64 bits (was 64-bit shift intended?)
  c:\users\rosie\desktop\openface\openface\openface-master\lib\3rdparty\tbb\include\tbb\enumerable_thread_specific.h(104): note: while compiling class template member function 'tbb::interface6::internal::ets_base<tbb::ets_no_key>::array *tbb::interface6::internal::ets_base<tbb::ets_no_key>::allocate(std::size_t)'
  c:\users\rosie\desktop\openface\openface\openface-master\lib\3rdparty\tbb\include\tbb\enumerable_thread_specific.h(209): note: see reference to function template instantiation 'tbb::interface6::internal::ets_base<tbb::ets_no_key>::array *tbb::interface6::internal::ets_base<tbb::ets_no_key>::allocate(std::size_t)' being compiled
  LandmarkDetector.vcxproj -> C:\Users\Rosie\Desktop\OpenFace\OpenFace\OpenFace-master\x64\Debug\LandmarkDetector.lib
  复制了 0 个文件
  复制了 0 个文件
